2012.10.16 19:45:44	1	Начало импорта БД `h116`
2012.10.16 19:45:44	1	Файл: h116_2012-10-16_16-00-06.sql.gz
2012.10.16 19:45:44	1	Установлена кодировка соединения: `utf8_general_ci`
2012.10.16 19:45:44	1	Импорт таблицы `1_brands`
2012.10.16 19:45:44	1	Импорт таблицы `1_cars`
2012.10.16 19:45:45	1	Импорт таблицы `1_clients`
2012.10.16 19:45:49	1	Импорт таблицы `1_do`
2012.10.16 19:45:58	1	Импорт таблицы `1_doadmin`
2012.10.16 19:46:00	1	Импорт таблицы `1_dotype`
2012.10.16 19:46:00	1	Импорт таблицы `1_log`
2012.10.16 19:46:25	1	Импорт таблицы `1_menu`
2012.10.16 19:46:25	1	Импорт таблицы `1_models`
2012.10.16 19:46:25	1	Импорт таблицы `1_news`
2012.10.16 19:46:25	1	Импорт таблицы `1_news_type`
2012.10.16 19:46:25	1	Установлена кодировка соединения: `latin1_swedish_ci`
2012.10.16 19:46:25	1	Импорт таблицы `1_outtype`
2012.10.16 19:46:25	1	Установлена кодировка соединения: `utf8_general_ci`
2012.10.16 19:46:25	1	Импорт таблицы `1_settings`
2012.10.16 19:46:25	1	Импорт таблицы `1_users`
2012.10.16 19:46:25	1	Импорт таблицы `chat`
2012.10.16 19:46:25	1	Импорт таблицы `tree`
2012.10.16 19:46:26	1	Импорт таблицы `tree_elements`
2012.10.16 19:46:26	1	Установлена кодировка соединения: `utf8_unicode_ci`
2012.10.16 19:46:26	1	Импорт таблицы `users`
2012.10.16 19:46:26	1	Установлена кодировка соединения: `utf8_general_ci`
2012.10.16 19:46:26	1	Импорт таблицы `wiki_acl`
2012.10.16 19:46:26	1	Импорт таблицы `wiki_acls`
2012.10.16 19:46:26	1	Импорт таблицы `wiki_bookmark`
2012.10.16 19:46:26	1	Импорт таблицы `wiki_cache`
2012.10.16 19:46:26	1	Импорт таблицы `wiki_category`
2012.10.16 19:46:26	1	Импорт таблицы `wiki_category_page`
2012.10.16 19:46:26	1	Импорт таблицы `wiki_config`
2012.10.16 19:46:26	1	Импорт таблицы `wiki_group`
2012.10.16 19:46:26	1	Импорт таблицы `wiki_group_member`
2012.10.16 19:46:26	1	Импорт таблицы `wiki_link`
2012.10.16 19:46:26	1	Импорт таблицы `wiki_links`
2012.10.16 19:46:26	1	Импорт таблицы `wiki_log`
2012.10.16 19:46:26	1	Импорт таблицы `wiki_page`
2012.10.16 19:46:26	1	Импорт таблицы `wiki_pages`
2012.10.16 19:46:26	4	MySQL Error: Duplicate entry \'?????\' for key \'idx_tag\' (/var/www/imater/data/www/4tree.ru/sxd/index.php:1581)
